mode: atomic
receipt-wrangler/api/internal/repositories/about.go:13.54,19.2 2 0
receipt-wrangler/api/internal/repositories/about.go:21.73,25.26 3 0
receipt-wrangler/api/internal/repositories/about.go:25.26,27.3 1 0
receipt-wrangler/api/internal/repositories/about.go:29.2,29.28 1 0
receipt-wrangler/api/internal/repositories/about.go:29.28,31.3 1 0
receipt-wrangler/api/internal/repositories/about.go:33.2,38.19 2 0
receipt-wrangler/api/internal/repositories/api_key.go:13.56,19.2 2 10
receipt-wrangler/api/internal/repositories/api_key.go:21.94,24.2 2 11
receipt-wrangler/api/internal/repositories/base_repository.go:14.51,15.26 1 11
receipt-wrangler/api/internal/repositories/base_repository.go:15.26,17.3 1 2
receipt-wrangler/api/internal/repositories/base_repository.go:19.2,19.22 1 9
receipt-wrangler/api/internal/repositories/base_repository.go:22.63,24.2 1 0
receipt-wrangler/api/internal/repositories/base_repository.go:26.54,28.2 1 0
receipt-wrangler/api/internal/repositories/base_repository.go:30.94,31.36 1 0
receipt-wrangler/api/internal/repositories/base_repository.go:31.36,32.21 1 0
receipt-wrangler/api/internal/repositories/base_repository.go:32.21,34.4 1 0
receipt-wrangler/api/internal/repositories/base_repository.go:36.3,36.16 1 0
receipt-wrangler/api/internal/repositories/base_repository.go:36.16,38.4 1 0
receipt-wrangler/api/internal/repositories/base_repository.go:40.3,40.10 1 0
receipt-wrangler/api/internal/repositories/base_repository.go:41.23,42.18 1 0
receipt-wrangler/api/internal/repositories/base_repository.go:43.22,44.17 1 0
receipt-wrangler/api/internal/repositories/base_repository.go:47.3,48.43 2 0
receipt-wrangler/api/internal/repositories/base_repository.go:52.115,54.42 2 0
receipt-wrangler/api/internal/repositories/base_repository.go:54.42,56.3 1 0
receipt-wrangler/api/internal/repositories/base_repository.go:58.2,62.4 1 0
receipt-wrangler/api/internal/repositories/base_repository.go:65.91,71.2 4 0
receipt-wrangler/api/internal/repositories/categories.go:14.60,20.2 2 0
receipt-wrangler/api/internal/repositories/categories.go:22.102,27.16 4 0
receipt-wrangler/api/internal/repositories/categories.go:27.16,29.3 1 0
receipt-wrangler/api/internal/repositories/categories.go:31.2,31.24 1 0
receipt-wrangler/api/internal/repositories/categories.go:34.104,38.16 3 0
receipt-wrangler/api/internal/repositories/categories.go:38.16,40.3 1 0
receipt-wrangler/api/internal/repositories/categories.go:42.2,42.22 1 0
receipt-wrangler/api/internal/repositories/categories.go:45.141,50.55 4 0
receipt-wrangler/api/internal/repositories/categories.go:50.55,52.3 1 0
receipt-wrangler/api/internal/repositories/categories.go:54.2,63.16 6 0
receipt-wrangler/api/internal/repositories/categories.go:63.16,65.3 1 0
receipt-wrangler/api/internal/repositories/categories.go:67.2,67.24 1 0
receipt-wrangler/api/internal/repositories/categories.go:70.132,74.16 3 0
receipt-wrangler/api/internal/repositories/categories.go:74.16,76.3 1 0
receipt-wrangler/api/internal/repositories/categories.go:78.2,78.30 1 0
receipt-wrangler/api/internal/repositories/categories.go:81.76,84.48 2 0
receipt-wrangler/api/internal/repositories/categories.go:84.48,86.17 2 0
receipt-wrangler/api/internal/repositories/categories.go:86.17,88.4 1 0
receipt-wrangler/api/internal/repositories/categories.go:90.3,91.17 2 0
receipt-wrangler/api/internal/repositories/categories.go:91.17,93.4 1 0
receipt-wrangler/api/internal/repositories/categories.go:95.3,95.13 1 0
receipt-wrangler/api/internal/repositories/categories.go:97.2,97.16 1 0
receipt-wrangler/api/internal/repositories/categories.go:97.16,99.3 1 0
receipt-wrangler/api/internal/repositories/categories.go:101.2,101.12 1 0
receipt-wrangler/api/internal/repositories/comments.go:16.58,22.2 2 0
receipt-wrangler/api/internal/repositories/comments.go:24.111,32.48 3 0
receipt-wrangler/api/internal/repositories/comments.go:32.48,36.17 3 0
receipt-wrangler/api/internal/repositories/comments.go:36.17,38.4 1 0
receipt-wrangler/api/internal/repositories/comments.go:40.3,41.17 2 0
receipt-wrangler/api/internal/repositories/comments.go:41.17,43.4 1 0
receipt-wrangler/api/internal/repositories/comments.go:45.3,46.13 2 0
receipt-wrangler/api/internal/repositories/comments.go:49.2,49.16 1 0
receipt-wrangler/api/internal/repositories/comments.go:49.16,51.3 1 0
receipt-wrangler/api/internal/repositories/comments.go:53.2,53.21 1 0
receipt-wrangler/api/internal/repositories/comments.go:56.101,61.25 4 0
receipt-wrangler/api/internal/repositories/comments.go:61.25,64.3 2 0
receipt-wrangler/api/internal/repositories/comments.go:66.2,66.28 1 0
receipt-wrangler/api/internal/repositories/comments.go:66.28,71.17 4 0
receipt-wrangler/api/internal/repositories/comments.go:71.17,73.4 1 0
receipt-wrangler/api/internal/repositories/comments.go:75.3,76.17 2 0
receipt-wrangler/api/internal/repositories/comments.go:76.17,78.4 1 0
receipt-wrangler/api/internal/repositories/comments.go:80.3,80.83 1 0
receipt-wrangler/api/internal/repositories/comments.go:80.83,83.4 2 0
receipt-wrangler/api/internal/repositories/comments.go:85.3,85.42 1 0
receipt-wrangler/api/internal/repositories/comments.go:85.42,86.67 1 0
receipt-wrangler/api/internal/repositories/comments.go:86.67,90.5 2 0
receipt-wrangler/api/internal/repositories/comments.go:94.2,94.20 1 0
receipt-wrangler/api/internal/repositories/comments.go:97.93,102.16 4 0
receipt-wrangler/api/internal/repositories/comments.go:102.16,104.3 1 0
receipt-wrangler/api/internal/repositories/comments.go:106.2,106.36 1 0
receipt-wrangler/api/internal/repositories/comments.go:106.36,108.17 2 0
receipt-wrangler/api/internal/repositories/comments.go:108.17,110.4 1 0
receipt-wrangler/api/internal/repositories/comments.go:111.8,113.3 1 0
receipt-wrangler/api/internal/repositories/comments.go:115.2,115.12 1 0
receipt-wrangler/api/internal/repositories/comments.go:118.92,126.16 7 0
receipt-wrangler/api/internal/repositories/comments.go:126.16,128.3 1 0
receipt-wrangler/api/internal/repositories/comments.go:130.2,130.30 1 0
receipt-wrangler/api/internal/repositories/comments.go:130.30,132.17 2 0
receipt-wrangler/api/internal/repositories/comments.go:132.17,134.4 1 0
receipt-wrangler/api/internal/repositories/comments.go:135.8,137.17 2 0
receipt-wrangler/api/internal/repositories/comments.go:137.17,139.4 1 0
receipt-wrangler/api/internal/repositories/comments.go:141.3,142.17 2 0
receipt-wrangler/api/internal/repositories/comments.go:142.17,144.4 1 0
receipt-wrangler/api/internal/repositories/comments.go:147.2,147.12 1 0
receipt-wrangler/api/internal/repositories/custom_fields.go:14.66,20.2 2 0
receipt-wrangler/api/internal/repositories/custom_fields.go:24.40,29.16 4 0
receipt-wrangler/api/internal/repositories/custom_fields.go:29.16,31.3 1 0
receipt-wrangler/api/internal/repositories/custom_fields.go:33.2,37.16 4 0
receipt-wrangler/api/internal/repositories/custom_fields.go:37.16,39.3 1 0
receipt-wrangler/api/internal/repositories/custom_fields.go:41.2,43.16 3 0
receipt-wrangler/api/internal/repositories/custom_fields.go:43.16,45.3 1 0
receipt-wrangler/api/internal/repositories/custom_fields.go:47.2,47.33 1 0
receipt-wrangler/api/internal/repositories/custom_fields.go:53.31,57.48 3 0
receipt-wrangler/api/internal/repositories/custom_fields.go:57.48,63.3 2 0
receipt-wrangler/api/internal/repositories/custom_fields.go:65.2,76.16 3 0
receipt-wrangler/api/internal/repositories/custom_fields.go:76.16,78.3 1 0
receipt-wrangler/api/internal/repositories/custom_fields.go:80.2,80.33 1 0
receipt-wrangler/api/internal/repositories/custom_fields.go:83.97,88.16 4 0
receipt-wrangler/api/internal/repositories/custom_fields.go:88.16,90.3 1 0
receipt-wrangler/api/internal/repositories/custom_fields.go:92.2,92.25 1 0
receipt-wrangler/api/internal/repositories/custom_fields.go:95.74,98.48 2 0
receipt-wrangler/api/internal/repositories/custom_fields.go:98.48,100.17 2 0
receipt-wrangler/api/internal/repositories/custom_fields.go:100.17,102.4 1 0
receipt-wrangler/api/internal/repositories/custom_fields.go:104.3,105.17 2 0
receipt-wrangler/api/internal/repositories/custom_fields.go:105.17,107.4 1 0
receipt-wrangler/api/internal/repositories/custom_fields.go:109.3,110.17 2 0
receipt-wrangler/api/internal/repositories/custom_fields.go:110.17,112.4 1 0
receipt-wrangler/api/internal/repositories/custom_fields.go:114.3,114.13 1 0
receipt-wrangler/api/internal/repositories/custom_fields.go:116.2,116.16 1 0
receipt-wrangler/api/internal/repositories/custom_fields.go:116.16,118.3 1 0
receipt-wrangler/api/internal/repositories/custom_fields.go:120.2,120.12 1 0
receipt-wrangler/api/internal/repositories/custom_fields.go:123.79,124.72 1 0
receipt-wrangler/api/internal/repositories/custom_fields.go:124.72,126.3 1 0
receipt-wrangler/api/internal/repositories/custom_fields.go:128.2,128.12 1 0
receipt-wrangler/api/internal/repositories/dashboards.go:16.62,22.2 2 0
receipt-wrangler/api/internal/repositories/dashboards.go:24.136,31.41 5 0
receipt-wrangler/api/internal/repositories/dashboards.go:31.41,37.3 1 0
receipt-wrangler/api/internal/repositories/dashboards.go:39.2,46.48 2 0
receipt-wrangler/api/internal/repositories/dashboards.go:46.48,48.17 2 0
receipt-wrangler/api/internal/repositories/dashboards.go:48.17,50.4 1 0
receipt-wrangler/api/internal/repositories/dashboards.go:52.3,53.13 2 0
receipt-wrangler/api/internal/repositories/dashboards.go:55.2,55.16 1 0
receipt-wrangler/api/internal/repositories/dashboards.go:55.16,57.3 1 0
receipt-wrangler/api/internal/repositories/dashboards.go:59.2,59.23 1 0
receipt-wrangler/api/internal/repositories/dashboards.go:62.123,67.16 4 0
receipt-wrangler/api/internal/repositories/dashboards.go:67.16,69.3 1 0
receipt-wrangler/api/internal/repositories/dashboards.go:71.2,71.24 1 0
receipt-wrangler/api/internal/repositories/dashboards.go:74.101,79.16 4 0
receipt-wrangler/api/internal/repositories/dashboards.go:79.16,81.3 1 0
receipt-wrangler/api/internal/repositories/dashboards.go:83.2,83.23 1 0
receipt-wrangler/api/internal/repositories/dashboards.go:86.84,89.48 2 0
receipt-wrangler/api/internal/repositories/dashboards.go:89.48,91.17 2 0
receipt-wrangler/api/internal/repositories/dashboards.go:91.17,93.4 1 0
receipt-wrangler/api/internal/repositories/dashboards.go:95.3,96.17 2 0
receipt-wrangler/api/internal/repositories/dashboards.go:96.17,98.4 1 0
receipt-wrangler/api/internal/repositories/dashboards.go:100.3,100.13 1 0
receipt-wrangler/api/internal/repositories/dashboards.go:102.2,102.16 1 0
receipt-wrangler/api/internal/repositories/dashboards.go:102.16,104.3 1 0
receipt-wrangler/api/internal/repositories/dashboards.go:106.2,106.12 1 0
receipt-wrangler/api/internal/repositories/dashboards.go:109.145,112.16 3 0
receipt-wrangler/api/internal/repositories/dashboards.go:112.16,114.3 1 0
receipt-wrangler/api/internal/repositories/dashboards.go:116.2,116.41 1 0
receipt-wrangler/api/internal/repositories/dashboards.go:116.41,118.42 2 0
receipt-wrangler/api/internal/repositories/dashboards.go:118.42,120.35 1 0
receipt-wrangler/api/internal/repositories/dashboards.go:120.35,122.5 1 0
receipt-wrangler/api/internal/repositories/dashboards.go:124.4,129.5 1 0
receipt-wrangler/api/internal/repositories/dashboards.go:132.3,140.89 2 0
receipt-wrangler/api/internal/repositories/dashboards.go:140.89,142.4 1 0
receipt-wrangler/api/internal/repositories/dashboards.go:144.3,144.85 1 0
receipt-wrangler/api/internal/repositories/dashboards.go:144.85,146.4 1 0
receipt-wrangler/api/internal/repositories/dashboards.go:148.3,148.13 1 0
receipt-wrangler/api/internal/repositories/dashboards.go:151.2,152.16 2 0
receipt-wrangler/api/internal/repositories/dashboards.go:152.16,154.3 1 0
receipt-wrangler/api/internal/repositories/dashboards.go:156.2,156.30 1 0
receipt-wrangler/api/internal/repositories/dashboards.go:159.105,163.16 4 0
receipt-wrangler/api/internal/repositories/dashboards.go:163.16,165.3 1 0
receipt-wrangler/api/internal/repositories/dashboards.go:167.2,167.24 1 0
receipt-wrangler/api/internal/repositories/db.go:19.75,23.2 3 0
receipt-wrangler/api/internal/repositories/db.go:25.78,28.2 2 0
receipt-wrangler/api/internal/repositories/db.go:30.83,32.16 2 0
receipt-wrangler/api/internal/repositories/db.go:32.16,34.3 1 0
receipt-wrangler/api/internal/repositories/db.go:36.2,37.30 2 0
receipt-wrangler/api/internal/repositories/db.go:40.22,42.16 2 0
receipt-wrangler/api/internal/repositories/db.go:42.16,44.3 1 0
receipt-wrangler/api/internal/repositories/db.go:46.2,50.50 3 0
receipt-wrangler/api/internal/repositories/db.go:50.50,52.17 2 0
receipt-wrangler/api/internal/repositories/db.go:52.17,54.4 1 0
receipt-wrangler/api/internal/repositories/db.go:57.2,57.30 1 0
receipt-wrangler/api/internal/repositories/db.go:57.30,59.17 2 0
receipt-wrangler/api/internal/repositories/db.go:59.17,61.4 1 0
receipt-wrangler/api/internal/repositories/db.go:64.2,64.26 1 0
receipt-wrangler/api/internal/repositories/db.go:64.26,66.17 2 0
receipt-wrangler/api/internal/repositories/db.go:66.17,68.4 1 0
receipt-wrangler/api/internal/repositories/db.go:70.3,71.17 2 0
receipt-wrangler/api/internal/repositories/db.go:71.17,74.4 1 0
receipt-wrangler/api/internal/repositories/db.go:77.2,77.24 1 0
receipt-wrangler/api/internal/repositories/db.go:77.24,79.3 1 0
receipt-wrangler/api/internal/repositories/db.go:81.2,82.12 2 0
receipt-wrangler/api/internal/repositories/db.go:85.29,120.2 2 1
receipt-wrangler/api/internal/repositories/db.go:122.23,124.2 1 32
receipt-wrangler/api/internal/repositories/db.go:126.21,128.93 2 0
receipt-wrangler/api/internal/repositories/db.go:128.93,130.3 1 0
receipt-wrangler/api/internal/repositories/db.go:132.2,132.30 1 0
receipt-wrangler/api/internal/repositories/db.go:132.30,134.23 2 0
receipt-wrangler/api/internal/repositories/db.go:134.23,136.4 1 0
receipt-wrangler/api/internal/repositories/db.go:139.2,139.37 1 0
receipt-wrangler/api/internal/repositories/db.go:139.37,142.17 3 0
receipt-wrangler/api/internal/repositories/db.go:142.17,144.4 1 0
receipt-wrangler/api/internal/repositories/db.go:147.2,147.12 1 0
receipt-wrangler/api/internal/repositories/db.go:150.19,152.16 2 1
receipt-wrangler/api/internal/repositories/db.go:152.16,153.13 1 0
receipt-wrangler/api/internal/repositories/db.go:156.2,156.13 1 1
receipt-wrangler/api/internal/repositories/files.go:29.52,35.2 2 0
receipt-wrangler/api/internal/repositories/files.go:37.134,42.16 4 0
receipt-wrangler/api/internal/repositories/files.go:42.16,44.3 1 0
receipt-wrangler/api/internal/repositories/files.go:46.2,47.16 2 0
receipt-wrangler/api/internal/repositories/files.go:47.16,49.3 1 0
receipt-wrangler/api/internal/repositories/files.go:51.2,54.18 3 0
receipt-wrangler/api/internal/repositories/files.go:57.106,61.33 3 0
receipt-wrangler/api/internal/repositories/files.go:61.33,63.3 1 0
receipt-wrangler/api/internal/repositories/files.go:63.8,66.17 3 0
receipt-wrangler/api/internal/repositories/files.go:66.17,68.4 1 0
receipt-wrangler/api/internal/repositories/files.go:70.3,70.30 1 0
receipt-wrangler/api/internal/repositories/files.go:73.2,75.16 3 0
receipt-wrangler/api/internal/repositories/files.go:75.16,77.3 1 0
receipt-wrangler/api/internal/repositories/files.go:79.2,79.23 1 0
receipt-wrangler/api/internal/repositories/files.go:82.96,85.16 2 0
receipt-wrangler/api/internal/repositories/files.go:85.16,87.3 1 0
receipt-wrangler/api/internal/repositories/files.go:89.2,90.16 2 0
receipt-wrangler/api/internal/repositories/files.go:90.16,92.3 1 0
receipt-wrangler/api/internal/repositories/files.go:94.2,95.16 2 0
receipt-wrangler/api/internal/repositories/files.go:95.16,97.3 1 0
receipt-wrangler/api/internal/repositories/files.go:99.2,99.25 1 0
receipt-wrangler/api/internal/repositories/files.go:102.91,105.16 3 0
receipt-wrangler/api/internal/repositories/files.go:105.16,107.3 1 0
receipt-wrangler/api/internal/repositories/files.go:109.2,109.47 1 0
receipt-wrangler/api/internal/repositories/files.go:109.47,111.17 2 0
receipt-wrangler/api/internal/repositories/files.go:111.17,113.4 1 0
receipt-wrangler/api/internal/repositories/files.go:114.8,114.49 1 0
receipt-wrangler/api/internal/repositories/files.go:114.49,116.17 2 0
receipt-wrangler/api/internal/repositories/files.go:116.17,118.4 1 0
receipt-wrangler/api/internal/repositories/files.go:119.8,121.3 1 0
receipt-wrangler/api/internal/repositories/files.go:123.2,123.19 1 0
receipt-wrangler/api/internal/repositories/files.go:126.74,128.16 2 0
receipt-wrangler/api/internal/repositories/files.go:128.16,130.3 1 0
receipt-wrangler/api/internal/repositories/files.go:132.2,133.16 2 0
receipt-wrangler/api/internal/repositories/files.go:133.16,135.3 1 0
receipt-wrangler/api/internal/repositories/files.go:137.2,137.21 1 0
receipt-wrangler/api/internal/repositories/files.go:140.72,142.16 2 0
receipt-wrangler/api/internal/repositories/files.go:142.16,144.3 1 0
receipt-wrangler/api/internal/repositories/files.go:146.2,147.16 2 0
receipt-wrangler/api/internal/repositories/files.go:147.16,149.3 1 0
receipt-wrangler/api/internal/repositories/files.go:151.2,151.19 1 0
receipt-wrangler/api/internal/repositories/files.go:154.81,158.53 3 0
receipt-wrangler/api/internal/repositories/files.go:158.53,161.14 2 0
receipt-wrangler/api/internal/repositories/files.go:161.14,163.4 1 0
receipt-wrangler/api/internal/repositories/files.go:166.2,166.44 1 0
receipt-wrangler/api/internal/repositories/files.go:169.85,173.53 3 0
receipt-wrangler/api/internal/repositories/files.go:173.53,176.14 2 0
receipt-wrangler/api/internal/repositories/files.go:176.14,178.4 1 0
receipt-wrangler/api/internal/repositories/files.go:181.2,181.44 1 0
receipt-wrangler/api/internal/repositories/files.go:184.81,188.48 3 0
receipt-wrangler/api/internal/repositories/files.go:188.48,190.3 1 0
receipt-wrangler/api/internal/repositories/files.go:192.2,192.50 1 0
receipt-wrangler/api/internal/repositories/files.go:192.50,194.3 1 0
receipt-wrangler/api/internal/repositories/files.go:196.2,196.26 1 0
receipt-wrangler/api/internal/repositories/files.go:199.80,203.48 3 0
receipt-wrangler/api/internal/repositories/files.go:203.48,205.3 1 0
receipt-wrangler/api/internal/repositories/files.go:208.2,208.50 1 0
receipt-wrangler/api/internal/repositories/files.go:208.50,210.3 1 0
receipt-wrangler/api/internal/repositories/files.go:214.2,214.51 1 0
receipt-wrangler/api/internal/repositories/files.go:214.51,216.3 1 0
receipt-wrangler/api/internal/repositories/files.go:219.2,226.32 4 0
receipt-wrangler/api/internal/repositories/files.go:226.32,234.56 3 0
receipt-wrangler/api/internal/repositories/files.go:234.56,236.4 1 0
receipt-wrangler/api/internal/repositories/files.go:239.3,239.22 1 0
receipt-wrangler/api/internal/repositories/files.go:244.2,248.16 4 0
receipt-wrangler/api/internal/repositories/files.go:248.16,250.3 1 0
receipt-wrangler/api/internal/repositories/files.go:252.2,252.63 1 0
receipt-wrangler/api/internal/repositories/files.go:252.63,254.3 1 0
receipt-wrangler/api/internal/repositories/files.go:256.2,257.16 2 0
receipt-wrangler/api/internal/repositories/files.go:257.16,259.3 1 0
receipt-wrangler/api/internal/repositories/files.go:261.2,262.19 2 0
receipt-wrangler/api/internal/repositories/files.go:265.77,270.16 4 0
receipt-wrangler/api/internal/repositories/files.go:270.16,272.3 1 0
receipt-wrangler/api/internal/repositories/files.go:274.2,275.21 2 0
receipt-wrangler/api/internal/repositories/files.go:275.21,277.3 1 0
receipt-wrangler/api/internal/repositories/files.go:279.2,282.16 3 0
receipt-wrangler/api/internal/repositories/files.go:282.16,284.3 1 0
receipt-wrangler/api/internal/repositories/files.go:286.2,287.16 2 0
receipt-wrangler/api/internal/repositories/files.go:287.16,290.3 2 0
receipt-wrangler/api/internal/repositories/files.go:292.2,292.22 1 0
receipt-wrangler/api/internal/repositories/files.go:295.85,299.16 3 0
receipt-wrangler/api/internal/repositories/files.go:299.16,301.3 1 0
receipt-wrangler/api/internal/repositories/files.go:303.2,305.22 3 0
receipt-wrangler/api/internal/repositories/files.go:308.76,310.16 2 0
receipt-wrangler/api/internal/repositories/files.go:310.16,312.3 1 0
receipt-wrangler/api/internal/repositories/files.go:314.2,315.16 2 0
receipt-wrangler/api/internal/repositories/files.go:315.16,317.3 1 0
receipt-wrangler/api/internal/repositories/files.go:319.2,319.11 1 0
receipt-wrangler/api/internal/repositories/files.go:319.11,321.3 1 0
receipt-wrangler/api/internal/repositories/files.go:323.2,323.22 1 0
receipt-wrangler/api/internal/repositories/files.go:326.88,328.16 2 0
receipt-wrangler/api/internal/repositories/files.go:328.16,330.3 1 0
receipt-wrangler/api/internal/repositories/files.go:332.2,333.23 2 0
receipt-wrangler/api/internal/repositories/files.go:336.113,341.16 4 0
receipt-wrangler/api/internal/repositories/files.go:341.16,343.3 1 0
receipt-wrangler/api/internal/repositories/files.go:344.2,349.37 4 0
receipt-wrangler/api/internal/repositories/files.go:349.37,352.17 3 0
receipt-wrangler/api/internal/repositories/files.go:352.17,354.4 1 0
receipt-wrangler/api/internal/repositories/files.go:355.3,358.17 3 0
receipt-wrangler/api/internal/repositories/files.go:358.17,360.4 1 0
receipt-wrangler/api/internal/repositories/files.go:362.3,363.17 2 0
receipt-wrangler/api/internal/repositories/files.go:363.17,365.4 1 0
receipt-wrangler/api/internal/repositories/files.go:367.3,371.17 4 0
receipt-wrangler/api/internal/repositories/files.go:371.17,373.4 1 0
receipt-wrangler/api/internal/repositories/files.go:375.3,375.49 1 0
receipt-wrangler/api/internal/repositories/files.go:375.49,377.4 1 0
receipt-wrangler/api/internal/repositories/files.go:380.2,380.21 1 0
receipt-wrangler/api/internal/repositories/files.go:383.102,384.41 1 0
receipt-wrangler/api/internal/repositories/files.go:384.41,386.3 1 0
receipt-wrangler/api/internal/repositories/files.go:388.2,388.25 1 0
receipt-wrangler/api/internal/repositories/files.go:388.25,390.3 1 0
receipt-wrangler/api/internal/repositories/files.go:392.2,395.37 3 0
receipt-wrangler/api/internal/repositories/files.go:395.37,397.17 2 0
receipt-wrangler/api/internal/repositories/files.go:397.17,399.4 1 0
receipt-wrangler/api/internal/repositories/files.go:401.3,402.17 2 0
receipt-wrangler/api/internal/repositories/files.go:402.17,404.4 1 0
receipt-wrangler/api/internal/repositories/files.go:407.2,408.16 2 0
receipt-wrangler/api/internal/repositories/files.go:408.16,410.3 1 0
receipt-wrangler/api/internal/repositories/files.go:412.2,412.31 1 0
receipt-wrangler/api/internal/repositories/files.go:415.64,417.2 1 0
receipt-wrangler/api/internal/repositories/files.go:419.68,423.2 2 0
receipt-wrangler/api/internal/repositories/group_members.go:13.66,19.2 2 0
receipt-wrangler/api/internal/repositories/group_members.go:22.110,27.16 4 0
receipt-wrangler/api/internal/repositories/group_members.go:27.16,29.3 1 0
receipt-wrangler/api/internal/repositories/group_members.go:31.2,31.26 1 0
receipt-wrangler/api/internal/repositories/group_members.go:35.92,37.16 2 0
receipt-wrangler/api/internal/repositories/group_members.go:37.16,39.3 1 0
receipt-wrangler/api/internal/repositories/group_members.go:40.2,42.41 2 0
receipt-wrangler/api/internal/repositories/group_members.go:42.41,44.3 1 0
receipt-wrangler/api/internal/repositories/group_members.go:46.2,46.20 1 0
receipt-wrangler/api/internal/repositories/group_members.go:49.133,54.16 4 0
receipt-wrangler/api/internal/repositories/group_members.go:54.16,56.3 1 0
receipt-wrangler/api/internal/repositories/group_members.go:58.2,58.25 1 0
receipt-wrangler/api/internal/repositories/group_members.go:61.113,66.16 4 0
receipt-wrangler/api/internal/repositories/group_members.go:66.16,68.3 1 0
receipt-wrangler/api/internal/repositories/group_members.go:70.2,70.26 1 0
receipt-wrangler/api/internal/repositories/group_receipt_settings.go:14.84,20.2 2 0
receipt-wrangler/api/internal/repositories/group_receipt_settings.go:22.128,30.16 4 0
receipt-wrangler/api/internal/repositories/group_receipt_settings.go:30.16,32.3 1 0
receipt-wrangler/api/internal/repositories/group_receipt_settings.go:34.2,34.42 1 0
receipt-wrangler/api/internal/repositories/group_receipt_settings.go:40.40,46.16 4 0
receipt-wrangler/api/internal/repositories/group_receipt_settings.go:46.16,48.3 1 0
receipt-wrangler/api/internal/repositories/group_receipt_settings.go:50.2,60.16 10 0
receipt-wrangler/api/internal/repositories/group_receipt_settings.go:60.16,62.3 1 0
receipt-wrangler/api/internal/repositories/group_receipt_settings.go:64.2,64.34 1 0
receipt-wrangler/api/internal/repositories/group_settings.go:14.70,20.2 2 0
receipt-wrangler/api/internal/repositories/group_settings.go:22.105,32.2 3 0
receipt-wrangler/api/internal/repositories/group_settings.go:34.132,39.22 4 0
receipt-wrangler/api/internal/repositories/group_settings.go:39.22,41.3 1 0
receipt-wrangler/api/internal/repositories/group_settings.go:43.2,44.16 2 0
receipt-wrangler/api/internal/repositories/group_settings.go:44.16,46.3 1 0
receipt-wrangler/api/internal/repositories/group_settings.go:48.2,48.27 1 0
receipt-wrangler/api/internal/repositories/group_settings.go:51.129,55.16 3 0
receipt-wrangler/api/internal/repositories/group_settings.go:55.16,57.3 1 0
receipt-wrangler/api/internal/repositories/group_settings.go:59.2,59.27 1 0
receipt-wrangler/api/internal/repositories/group_settings.go:62.154,68.16 4 0
receipt-wrangler/api/internal/repositories/group_settings.go:68.16,70.3 1 0
receipt-wrangler/api/internal/repositories/group_settings.go:72.2,81.47 9 0
receipt-wrangler/api/internal/repositories/group_settings.go:81.47,84.17 2 0
receipt-wrangler/api/internal/repositories/group_settings.go:84.17,86.4 1 0
receipt-wrangler/api/internal/repositories/group_settings.go:88.3,89.17 2 0
receipt-wrangler/api/internal/repositories/group_settings.go:89.17,91.4 1 0
receipt-wrangler/api/internal/repositories/group_settings.go:93.3,94.17 2 0
receipt-wrangler/api/internal/repositories/group_settings.go:94.17,96.4 1 0
receipt-wrangler/api/internal/repositories/group_settings.go:98.3,98.13 1 0
receipt-wrangler/api/internal/repositories/group_settings.go:101.2,101.16 1 0
receipt-wrangler/api/internal/repositories/group_settings.go:101.16,103.3 1 0
receipt-wrangler/api/internal/repositories/group_settings.go:105.2,105.27 1 0
receipt-wrangler/api/internal/repositories/groups.go:17.54,23.2 2 0
receipt-wrangler/api/internal/repositories/groups.go:25.139,32.48 5 0
receipt-wrangler/api/internal/repositories/groups.go:32.48,34.3 1 0
receipt-wrangler/api/internal/repositories/groups.go:37.2,37.74 1 0
receipt-wrangler/api/internal/repositories/groups.go:37.74,39.3 1 0
receipt-wrangler/api/internal/repositories/groups.go:39.8,39.82 1 0
receipt-wrangler/api/internal/repositories/groups.go:39.82,42.17 3 0
receipt-wrangler/api/internal/repositories/groups.go:42.17,44.4 1 0
receipt-wrangler/api/internal/repositories/groups.go:46.3,47.42 2 0
receipt-wrangler/api/internal/repositories/groups.go:47.42,49.4 1 0
receipt-wrangler/api/internal/repositories/groups.go:51.3,53.17 3 0
receipt-wrangler/api/internal/repositories/groups.go:53.17,55.4 1 0
receipt-wrangler/api/internal/repositories/groups.go:59.2,65.16 4 0
receipt-wrangler/api/internal/repositories/groups.go:65.16,67.3 1 0
receipt-wrangler/api/internal/repositories/groups.go:69.2,69.28 1 0
receipt-wrangler/api/internal/repositories/groups.go:72.70,78.2 1 0
receipt-wrangler/api/internal/repositories/groups.go:80.119,89.49 7 0
receipt-wrangler/api/internal/repositories/groups.go:89.49,98.3 3 0
receipt-wrangler/api/internal/repositories/groups.go:100.2,100.48 1 0
receipt-wrangler/api/internal/repositories/groups.go:100.48,106.19 5 0
receipt-wrangler/api/internal/repositories/groups.go:106.19,109.4 2 0
receipt-wrangler/api/internal/repositories/groups.go:111.3,118.19 3 0
receipt-wrangler/api/internal/repositories/groups.go:118.19,121.4 2 0
receipt-wrangler/api/internal/repositories/groups.go:123.3,128.19 3 0
receipt-wrangler/api/internal/repositories/groups.go:128.19,131.4 2 0
receipt-wrangler/api/internal/repositories/groups.go:133.3,134.19 2 0
receipt-wrangler/api/internal/repositories/groups.go:134.19,137.4 2 0
receipt-wrangler/api/internal/repositories/groups.go:139.3,140.13 2 0
receipt-wrangler/api/internal/repositories/groups.go:142.2,142.16 1 0
receipt-wrangler/api/internal/repositories/groups.go:142.16,144.3 1 0
receipt-wrangler/api/internal/repositories/groups.go:146.2,147.16 2 0
receipt-wrangler/api/internal/repositories/groups.go:147.16,149.3 1 0
receipt-wrangler/api/internal/repositories/groups.go:151.2,151.25 1 0
receipt-wrangler/api/internal/repositories/groups.go:154.122,159.16 3 0
receipt-wrangler/api/internal/repositories/groups.go:159.16,161.3 1 0
receipt-wrangler/api/internal/repositories/groups.go:163.2,169.49 3 0
receipt-wrangler/api/internal/repositories/groups.go:169.49,177.3 3 0
receipt-wrangler/api/internal/repositories/groups.go:179.2,179.47 1 0
receipt-wrangler/api/internal/repositories/groups.go:179.47,181.17 2 0
receipt-wrangler/api/internal/repositories/groups.go:181.17,183.4 1 0
receipt-wrangler/api/internal/repositories/groups.go:185.3,186.19 2 0
receipt-wrangler/api/internal/repositories/groups.go:186.19,188.4 1 0
receipt-wrangler/api/internal/repositories/groups.go:190.3,190.13 1 0
receipt-wrangler/api/internal/repositories/groups.go:192.2,192.16 1 0
receipt-wrangler/api/internal/repositories/groups.go:192.16,194.3 1 0
receipt-wrangler/api/internal/repositories/groups.go:196.2,197.16 2 0
receipt-wrangler/api/internal/repositories/groups.go:197.16,199.3 1 0
receipt-wrangler/api/internal/repositories/groups.go:201.2,201.25 1 0
receipt-wrangler/api/internal/repositories/groups.go:208.25,213.25 4 0
receipt-wrangler/api/internal/repositories/groups.go:213.25,215.3 1 0
receipt-wrangler/api/internal/repositories/groups.go:218.2,227.16 3 0
receipt-wrangler/api/internal/repositories/groups.go:227.16,229.3 1 0
receipt-wrangler/api/internal/repositories/groups.go:231.2,231.63 1 0
receipt-wrangler/api/internal/repositories/groups.go:231.63,239.17 4 0
receipt-wrangler/api/internal/repositories/groups.go:239.17,241.4 1 0
receipt-wrangler/api/internal/repositories/groups.go:244.2,244.77 1 0
receipt-wrangler/api/internal/repositories/groups.go:244.77,248.17 3 0
receipt-wrangler/api/internal/repositories/groups.go:248.17,250.4 1 0
receipt-wrangler/api/internal/repositories/groups.go:253.2,253.19 1 0
receipt-wrangler/api/internal/repositories/groups.go:256.85,263.16 3 0
receipt-wrangler/api/internal/repositories/groups.go:263.16,265.3 1 0
receipt-wrangler/api/internal/repositories/groups.go:267.2,267.22 1 0
receipt-wrangler/api/internal/repositories/groups.go:270.74,273.16 3 0
receipt-wrangler/api/internal/repositories/groups.go:273.16,275.3 1 0
receipt-wrangler/api/internal/repositories/groups.go:277.2,277.30 1 0
receipt-wrangler/api/internal/repositories/notifications.go:15.68,21.2 2 0
receipt-wrangler/api/internal/repositories/notifications.go:23.110,30.2 4 0
receipt-wrangler/api/internal/repositories/notifications.go:32.98,39.2 4 0
receipt-wrangler/api/internal/repositories/notifications.go:41.114,48.2 4 0
receipt-wrangler/api/internal/repositories/notifications.go:50.91,55.2 3 0
receipt-wrangler/api/internal/repositories/notifications.go:57.94,62.2 3 0
receipt-wrangler/api/internal/repositories/notifications.go:64.182,67.16 3 0
receipt-wrangler/api/internal/repositories/notifications.go:67.16,69.3 1 0
receipt-wrangler/api/internal/repositories/notifications.go:71.2,73.12 2 0
receipt-wrangler/api/internal/repositories/notifications.go:76.184,79.16 3 0
receipt-wrangler/api/internal/repositories/notifications.go:79.16,81.3 1 0
receipt-wrangler/api/internal/repositories/notifications.go:83.2,84.16 2 0
receipt-wrangler/api/internal/repositories/notifications.go:84.16,86.3 1 0
receipt-wrangler/api/internal/repositories/notifications.go:88.2,88.12 1 0
receipt-wrangler/api/internal/repositories/notifications.go:91.176,94.29 2 0
receipt-wrangler/api/internal/repositories/notifications.go:94.29,95.39 1 0
receipt-wrangler/api/internal/repositories/notifications.go:95.39,103.4 2 0
receipt-wrangler/api/internal/repositories/notifications.go:107.2,107.27 1 0
receipt-wrangler/api/internal/repositories/notifications.go:110.173,113.16 3 0
receipt-wrangler/api/internal/repositories/notifications.go:113.16,115.3 1 0
receipt-wrangler/api/internal/repositories/notifications.go:117.2,118.41 2 0
receipt-wrangler/api/internal/repositories/notifications.go:118.41,120.55 2 0
receipt-wrangler/api/internal/repositories/notifications.go:120.55,129.4 2 0
receipt-wrangler/api/internal/repositories/notifications.go:133.2,133.27 1 0
receipt-wrangler/api/internal/repositories/notifications.go:136.100,138.2 1 0
receipt-wrangler/api/internal/repositories/pepper.go:12.56,18.2 2 0
receipt-wrangler/api/internal/repositories/pepper.go:20.78,22.2 1 0
receipt-wrangler/api/internal/repositories/pepper.go:24.73,28.16 3 0
receipt-wrangler/api/internal/repositories/pepper.go:28.16,30.3 1 0
receipt-wrangler/api/internal/repositories/pepper.go:32.2,32.21 1 0
receipt-wrangler/api/internal/repositories/prompt.go:14.56,20.2 2 0
receipt-wrangler/api/internal/repositories/prompt.go:22.122,30.16 6 0
receipt-wrangler/api/internal/repositories/prompt.go:30.16,32.3 1 0
receipt-wrangler/api/internal/repositories/prompt.go:34.2,35.18 2 0
receipt-wrangler/api/internal/repositories/prompt.go:35.18,37.3 1 0
receipt-wrangler/api/internal/repositories/prompt.go:39.2,43.16 4 0
receipt-wrangler/api/internal/repositories/prompt.go:43.16,45.3 1 0
receipt-wrangler/api/internal/repositories/prompt.go:47.2,47.28 1 0
receipt-wrangler/api/internal/repositories/prompt.go:50.84,55.16 4 0
receipt-wrangler/api/internal/repositories/prompt.go:55.16,57.3 1 0
receipt-wrangler/api/internal/repositories/prompt.go:59.2,59.20 1 0
receipt-wrangler/api/internal/repositories/prompt.go:62.125,70.16 3 0
receipt-wrangler/api/internal/repositories/prompt.go:70.16,72.3 1 0
receipt-wrangler/api/internal/repositories/prompt.go:74.2,74.28 1 0
receipt-wrangler/api/internal/repositories/prompt.go:77.71,82.2 1 0
receipt-wrangler/api/internal/repositories/prompt.go:84.110,93.16 4 0
receipt-wrangler/api/internal/repositories/prompt.go:93.16,95.3 1 0
receipt-wrangler/api/internal/repositories/prompt.go:97.2,97.20 1 0
receipt-wrangler/api/internal/repositories/prompt.go:100.70,103.16 3 0
receipt-wrangler/api/internal/repositories/prompt.go:103.16,105.3 1 0
receipt-wrangler/api/internal/repositories/prompt.go:107.2,107.12 1 0
receipt-wrangler/api/internal/repositories/receipt_image.go:17.68,23.2 2 0
receipt-wrangler/api/internal/repositories/receipt_image.go:26.130,32.16 4 0
receipt-wrangler/api/internal/repositories/receipt_image.go:32.16,34.3 1 0
receipt-wrangler/api/internal/repositories/receipt_image.go:36.2,39.16 3 0
receipt-wrangler/api/internal/repositories/receipt_image.go:39.16,41.3 1 0
receipt-wrangler/api/internal/repositories/receipt_image.go:44.2,45.16 2 0
receipt-wrangler/api/internal/repositories/receipt_image.go:45.16,47.3 1 0
receipt-wrangler/api/internal/repositories/receipt_image.go:50.2,51.16 2 0
receipt-wrangler/api/internal/repositories/receipt_image.go:51.16,53.3 1 0
receipt-wrangler/api/internal/repositories/receipt_image.go:54.2,57.16 3 0
receipt-wrangler/api/internal/repositories/receipt_image.go:57.16,60.3 2 0
receipt-wrangler/api/internal/repositories/receipt_image.go:63.2,64.16 2 0
receipt-wrangler/api/internal/repositories/receipt_image.go:64.16,66.3 1 0
receipt-wrangler/api/internal/repositories/receipt_image.go:69.2,70.16 2 0
receipt-wrangler/api/internal/repositories/receipt_image.go:70.16,72.3 1 0
receipt-wrangler/api/internal/repositories/receipt_image.go:74.2,75.16 2 0
receipt-wrangler/api/internal/repositories/receipt_image.go:75.16,77.3 1 0
receipt-wrangler/api/internal/repositories/receipt_image.go:79.2,79.22 1 0
receipt-wrangler/api/internal/repositories/receipt_image.go:82.108,87.16 4 0
receipt-wrangler/api/internal/repositories/receipt_image.go:87.16,89.3 1 0
receipt-wrangler/api/internal/repositories/receipt_image.go:91.2,91.20 1 0
receipt-wrangler/api/internal/repositories/receipt_image.go:94.119,99.16 4 0
receipt-wrangler/api/internal/repositories/receipt_image.go:99.16,101.3 1 0
receipt-wrangler/api/internal/repositories/receipt_image.go:103.2,103.20 1 0
receipt-wrangler/api/internal/repositories/receipt_processing_settings.go:17.84,23.2 2 0
receipt-wrangler/api/internal/repositories/receipt_processing_settings.go:25.178,31.18 5 0
receipt-wrangler/api/internal/repositories/receipt_processing_settings.go:31.18,33.3 1 0
receipt-wrangler/api/internal/repositories/receipt_processing_settings.go:35.2,38.16 3 0
receipt-wrangler/api/internal/repositories/receipt_processing_settings.go:38.16,40.3 1 0
receipt-wrangler/api/internal/repositories/receipt_processing_settings.go:42.2,46.16 4 0
receipt-wrangler/api/internal/repositories/receipt_processing_settings.go:46.16,48.3 1 0
receipt-wrangler/api/internal/repositories/receipt_processing_settings.go:50.2,50.28 1 0
receipt-wrangler/api/internal/repositories/receipt_processing_settings.go:53.186,56.26 3 0
receipt-wrangler/api/internal/repositories/receipt_processing_settings.go:56.26,58.17 2 0
receipt-wrangler/api/internal/repositories/receipt_processing_settings.go:58.17,60.4 1 0
receipt-wrangler/api/internal/repositories/receipt_processing_settings.go:62.3,62.21 1 0
receipt-wrangler/api/internal/repositories/receipt_processing_settings.go:63.8,65.3 1 0
receipt-wrangler/api/internal/repositories/receipt_processing_settings.go:67.2,80.16 3 0
receipt-wrangler/api/internal/repositories/receipt_processing_settings.go:80.16,82.3 1 0
receipt-wrangler/api/internal/repositories/receipt_processing_settings.go:84.2,84.22 1 0
receipt-wrangler/api/internal/repositories/receipt_processing_settings.go:87.141,92.16 4 0
receipt-wrangler/api/internal/repositories/receipt_processing_settings.go:92.16,94.3 1 0
receipt-wrangler/api/internal/repositories/receipt_processing_settings.go:96.2,96.22 1 0
receipt-wrangler/api/internal/repositories/receipt_processing_settings.go:99.217,105.16 5 0
receipt-wrangler/api/internal/repositories/receipt_processing_settings.go:105.16,107.3 1 0
receipt-wrangler/api/internal/repositories/receipt_processing_settings.go:109.2,118.15 9 0
receipt-wrangler/api/internal/repositories/receipt_processing_settings.go:118.15,120.17 2 0
receipt-wrangler/api/internal/repositories/receipt_processing_settings.go:120.17,122.4 1 0
receipt-wrangler/api/internal/repositories/receipt_processing_settings.go:124.3,124.21 1 0
receipt-wrangler/api/internal/repositories/receipt_processing_settings.go:125.8,127.3 1 0
receipt-wrangler/api/internal/repositories/receipt_processing_settings.go:129.2,130.16 2 0
receipt-wrangler/api/internal/repositories/receipt_processing_settings.go:130.16,132.3 1 0
receipt-wrangler/api/internal/repositories/receipt_processing_settings.go:134.2,134.22 1 0
receipt-wrangler/api/internal/repositories/receipt_processing_settings.go:137.108,140.16 3 0
receipt-wrangler/api/internal/repositories/receipt_processing_settings.go:140.16,142.3 1 0
receipt-wrangler/api/internal/repositories/receipt_processing_settings.go:144.2,144.12 1 0
receipt-wrangler/api/internal/repositories/receipt_processing_settings.go:147.90,149.2 1 0
receipt-wrangler/api/internal/repositories/receipts.go:22.58,28.2 2 0
receipt-wrangler/api/internal/repositories/receipts.go:30.131,32.122 2 0
receipt-wrangler/api/internal/repositories/receipts.go:32.122,37.17 4 0
receipt-wrangler/api/internal/repositories/receipts.go:37.17,39.4 1 0
receipt-wrangler/api/internal/repositories/receipts.go:41.3,42.17 2 0
receipt-wrangler/api/internal/repositories/receipts.go:42.17,44.4 1 0
receipt-wrangler/api/internal/repositories/receipts.go:46.3,47.17 2 0
receipt-wrangler/api/internal/repositories/receipts.go:47.17,49.4 1 0
receipt-wrangler/api/internal/repositories/receipts.go:51.3,52.17 2 0
receipt-wrangler/api/internal/repositories/receipts.go:52.17,54.4 1 0
receipt-wrangler/api/internal/repositories/receipts.go:56.3,56.54 1 0
receipt-wrangler/api/internal/repositories/receipts.go:56.54,63.18 5 0
receipt-wrangler/api/internal/repositories/receipts.go:63.18,65.5 1 0
receipt-wrangler/api/internal/repositories/receipts.go:70.2,70.12 1 0
receipt-wrangler/api/internal/repositories/receipts.go:73.88,81.2 6 0
receipt-wrangler/api/internal/repositories/receipts.go:83.138,89.16 5 0
receipt-wrangler/api/internal/repositories/receipts.go:89.16,91.3 1 0
receipt-wrangler/api/internal/repositories/receipts.go:92.2,106.16 5 0
receipt-wrangler/api/internal/repositories/receipts.go:106.16,109.3 2 0
receipt-wrangler/api/internal/repositories/receipts.go:111.2,112.16 2 0
receipt-wrangler/api/internal/repositories/receipts.go:112.16,115.3 2 0
receipt-wrangler/api/internal/repositories/receipts.go:117.2,124.16 6 0
receipt-wrangler/api/internal/repositories/receipts.go:124.16,127.3 2 0
receipt-wrangler/api/internal/repositories/receipts.go:128.2,130.47 2 0
receipt-wrangler/api/internal/repositories/receipts.go:130.47,134.19 3 0
receipt-wrangler/api/internal/repositories/receipts.go:134.19,136.4 1 0
receipt-wrangler/api/internal/repositories/receipts.go:138.3,139.19 2 0
receipt-wrangler/api/internal/repositories/receipts.go:139.19,141.4 1 0
receipt-wrangler/api/internal/repositories/receipts.go:143.3,144.19 2 0
receipt-wrangler/api/internal/repositories/receipts.go:144.19,146.4 1 0
receipt-wrangler/api/internal/repositories/receipts.go:148.3,149.19 2 0
receipt-wrangler/api/internal/repositories/receipts.go:149.19,151.4 1 0
receipt-wrangler/api/internal/repositories/receipts.go:153.3,154.19 2 0
receipt-wrangler/api/internal/repositories/receipts.go:154.19,156.4 1 0
receipt-wrangler/api/internal/repositories/receipts.go:158.3,159.19 2 0
receipt-wrangler/api/internal/repositories/receipts.go:159.19,161.4 1 0
receipt-wrangler/api/internal/repositories/receipts.go:163.3,163.52 1 0
receipt-wrangler/api/internal/repositories/receipts.go:163.52,165.20 2 0
receipt-wrangler/api/internal/repositories/receipts.go:165.20,167.5 1 0
receipt-wrangler/api/internal/repositories/receipts.go:169.4,170.20 2 0
receipt-wrangler/api/internal/repositories/receipts.go:170.20,172.5 1 0
receipt-wrangler/api/internal/repositories/receipts.go:174.4,175.20 2 0
receipt-wrangler/api/internal/repositories/receipts.go:175.20,177.5 1 0
receipt-wrangler/api/internal/repositories/receipts.go:180.4,180.48 1 0
receipt-wrangler/api/internal/repositories/receipts.go:180.48,182.21 2 0
receipt-wrangler/api/internal/repositories/receipts.go:182.21,184.6 1 0
receipt-wrangler/api/internal/repositories/receipts.go:186.5,187.21 2 0
receipt-wrangler/api/internal/repositories/receipts.go:187.21,189.6 1 0
receipt-wrangler/api/internal/repositories/receipts.go:193.3,194.17 2 0
receipt-wrangler/api/internal/repositories/receipts.go:194.17,196.4 1 0
receipt-wrangler/api/internal/repositories/receipts.go:198.3,199.13 2 0
receipt-wrangler/api/internal/repositories/receipts.go:201.2,201.16 1 0
receipt-wrangler/api/internal/repositories/receipts.go:201.16,204.3 2 0
receipt-wrangler/api/internal/repositories/receipts.go:206.2,207.16 2 0
receipt-wrangler/api/internal/repositories/receipts.go:207.16,210.3 2 0
receipt-wrangler/api/internal/repositories/receipts.go:212.2,213.16 2 0
receipt-wrangler/api/internal/repositories/receipts.go:213.16,216.3 2 0
receipt-wrangler/api/internal/repositories/receipts.go:218.2,223.16 5 0
receipt-wrangler/api/internal/repositories/receipts.go:223.16,226.3 2 0
receipt-wrangler/api/internal/repositories/receipts.go:227.2,231.16 4 0
receipt-wrangler/api/internal/repositories/receipts.go:231.16,234.3 2 0
receipt-wrangler/api/internal/repositories/receipts.go:236.2,236.32 1 0
receipt-wrangler/api/internal/repositories/receipts.go:240.95,252.16 4 0
receipt-wrangler/api/internal/repositories/receipts.go:252.16,254.3 1 0
receipt-wrangler/api/internal/repositories/receipts.go:257.2,260.16 2 0
receipt-wrangler/api/internal/repositories/receipts.go:260.16,262.3 1 0
receipt-wrangler/api/internal/repositories/receipts.go:265.2,268.16 2 0
receipt-wrangler/api/internal/repositories/receipts.go:268.16,270.3 1 0
receipt-wrangler/api/internal/repositories/receipts.go:274.2,275.16 2 0
receipt-wrangler/api/internal/repositories/receipts.go:275.16,277.3 1 0
receipt-wrangler/api/internal/repositories/receipts.go:279.2,279.109 1 0
receipt-wrangler/api/internal/repositories/receipts.go:279.109,282.3 2 0
receipt-wrangler/api/internal/repositories/receipts.go:282.8,282.116 1 0
receipt-wrangler/api/internal/repositories/receipts.go:282.116,284.3 1 0
receipt-wrangler/api/internal/repositories/receipts.go:285.2,285.16 1 0
receipt-wrangler/api/internal/repositories/receipts.go:285.16,287.3 1 0
receipt-wrangler/api/internal/repositories/receipts.go:289.2,289.71 1 0
receipt-wrangler/api/internal/repositories/receipts.go:289.71,291.17 2 0
receipt-wrangler/api/internal/repositories/receipts.go:291.17,293.4 1 0
receipt-wrangler/api/internal/repositories/receipts.go:296.2,296.68 1 0
receipt-wrangler/api/internal/repositories/receipts.go:296.68,298.17 2 0
receipt-wrangler/api/internal/repositories/receipts.go:298.17,300.4 1 0
receipt-wrangler/api/internal/repositories/receipts.go:303.2,303.12 1 0
receipt-wrangler/api/internal/repositories/receipts.go:306.114,312.16 5 0
receipt-wrangler/api/internal/repositories/receipts.go:312.16,314.3 1 0
receipt-wrangler/api/internal/repositories/receipts.go:316.2,316.29 1 0
receipt-wrangler/api/internal/repositories/receipts.go:316.29,317.28 1 0
receipt-wrangler/api/internal/repositories/receipts.go:317.28,319.4 1 0
receipt-wrangler/api/internal/repositories/receipts.go:322.2,322.30 1 0
receipt-wrangler/api/internal/repositories/receipts.go:322.30,324.17 2 0
receipt-wrangler/api/internal/repositories/receipts.go:324.17,326.4 1 0
receipt-wrangler/api/internal/repositories/receipts.go:329.2,329.12 1 0
receipt-wrangler/api/internal/repositories/receipts.go:336.27,340.16 4 0
receipt-wrangler/api/internal/repositories/receipts.go:340.16,342.3 1 0
receipt-wrangler/api/internal/repositories/receipts.go:344.2,344.25 1 0
receipt-wrangler/api/internal/repositories/receipts.go:344.25,346.3 1 0
receipt-wrangler/api/internal/repositories/receipts.go:348.2,363.38 4 0
receipt-wrangler/api/internal/repositories/receipts.go:363.38,364.51 1 0
receipt-wrangler/api/internal/repositories/receipts.go:364.51,365.67 1 0
receipt-wrangler/api/internal/repositories/receipts.go:365.67,370.5 1 0
receipt-wrangler/api/internal/repositories/receipts.go:372.4,372.57 1 0
receipt-wrangler/api/internal/repositories/receipts.go:376.2,376.47 1 0
receipt-wrangler/api/internal/repositories/receipts.go:376.47,381.50 3 0
receipt-wrangler/api/internal/repositories/receipts.go:381.50,383.18 2 0
receipt-wrangler/api/internal/repositories/receipts.go:383.18,385.5 1 0
receipt-wrangler/api/internal/repositories/receipts.go:386.4,386.14 1 0
receipt-wrangler/api/internal/repositories/receipts.go:388.3,388.17 1 0
receipt-wrangler/api/internal/repositories/receipts.go:388.17,390.4 1 0
receipt-wrangler/api/internal/repositories/receipts.go:393.3,393.31 1 0
receipt-wrangler/api/internal/repositories/receipts.go:393.31,394.50 1 0
receipt-wrangler/api/internal/repositories/receipts.go:394.50,395.48 1 0
receipt-wrangler/api/internal/repositories/receipts.go:395.48,401.20 3 0
receipt-wrangler/api/internal/repositories/receipts.go:401.20,403.7 1 0
receipt-wrangler/api/internal/repositories/receipts.go:406.6,406.51 1 0
receipt-wrangler/api/internal/repositories/receipts.go:406.51,408.21 2 0
receipt-wrangler/api/internal/repositories/receipts.go:408.21,410.8 1 0
receipt-wrangler/api/internal/repositories/receipts.go:414.6,414.45 1 0
receipt-wrangler/api/internal/repositories/receipts.go:414.45,416.21 2 0
receipt-wrangler/api/internal/repositories/receipts.go:416.21,418.8 1 0
receipt-wrangler/api/internal/repositories/receipts.go:422.6,424.20 3 0
receipt-wrangler/api/internal/repositories/receipts.go:424.20,426.7 1 0
receipt-wrangler/api/internal/repositories/receipts.go:428.5,428.15 1 0
receipt-wrangler/api/internal/repositories/receipts.go:430.4,430.18 1 0
receipt-wrangler/api/internal/repositories/receipts.go:430.18,432.5 1 0
receipt-wrangler/api/internal/repositories/receipts.go:435.3,440.17 5 0
receipt-wrangler/api/internal/repositories/receipts.go:440.17,442.4 1 0
receipt-wrangler/api/internal/repositories/receipts.go:444.3,445.17 2 0
receipt-wrangler/api/internal/repositories/receipts.go:445.17,447.4 1 0
receipt-wrangler/api/internal/repositories/receipts.go:449.3,451.13 3 0
receipt-wrangler/api/internal/repositories/receipts.go:453.2,453.16 1 0
receipt-wrangler/api/internal/repositories/receipts.go:453.16,454.24 1 0
receipt-wrangler/api/internal/repositories/receipts.go:454.24,456.4 1 0
receipt-wrangler/api/internal/repositories/receipts.go:457.3,457.31 1 0
receipt-wrangler/api/internal/repositories/receipts.go:460.2,462.16 3 0
receipt-wrangler/api/internal/repositories/receipts.go:462.16,463.24 1 0
receipt-wrangler/api/internal/repositories/receipts.go:463.24,465.4 1 0
receipt-wrangler/api/internal/repositories/receipts.go:466.3,466.31 1 0
receipt-wrangler/api/internal/repositories/receipts.go:469.2,469.22 1 0
receipt-wrangler/api/internal/repositories/receipts.go:469.22,474.17 5 0
receipt-wrangler/api/internal/repositories/receipts.go:474.17,476.4 1 0
receipt-wrangler/api/internal/repositories/receipts.go:478.3,484.17 6 0
receipt-wrangler/api/internal/repositories/receipts.go:484.17,486.4 1 0
receipt-wrangler/api/internal/repositories/receipts.go:489.2,489.32 1 0
receipt-wrangler/api/internal/repositories/receipts.go:492.94,496.16 4 0
receipt-wrangler/api/internal/repositories/receipts.go:496.16,498.3 1 0
receipt-wrangler/api/internal/repositories/receipts.go:500.2,500.21 1 0
receipt-wrangler/api/internal/repositories/receipts.go:508.36,513.16 4 0
receipt-wrangler/api/internal/repositories/receipts.go:513.16,515.3 1 0
receipt-wrangler/api/internal/repositories/receipts.go:516.2,518.16 3 0
receipt-wrangler/api/internal/repositories/receipts.go:518.16,520.3 1 0
receipt-wrangler/api/internal/repositories/receipts.go:523.2,524.16 2 0
receipt-wrangler/api/internal/repositories/receipts.go:524.16,526.3 1 0
receipt-wrangler/api/internal/repositories/receipts.go:529.2,529.16 1 0
receipt-wrangler/api/internal/repositories/receipts.go:529.16,532.17 3 0
receipt-wrangler/api/internal/repositories/receipts.go:532.17,534.4 1 0
receipt-wrangler/api/internal/repositories/receipts.go:535.3,535.49 1 0
receipt-wrangler/api/internal/repositories/receipts.go:536.8,538.3 1 0
receipt-wrangler/api/internal/repositories/receipts.go:541.2,541.36 1 0
receipt-wrangler/api/internal/repositories/receipts.go:541.36,543.3 1 0
receipt-wrangler/api/internal/repositories/receipts.go:545.2,545.45 1 0
receipt-wrangler/api/internal/repositories/receipts.go:545.45,548.3 2 0
receipt-wrangler/api/internal/repositories/receipts.go:548.8,550.3 1 0
receipt-wrangler/api/internal/repositories/receipts.go:552.2,553.16 2 0
receipt-wrangler/api/internal/repositories/receipts.go:553.16,555.3 1 0
receipt-wrangler/api/internal/repositories/receipts.go:557.2,559.56 2 0
receipt-wrangler/api/internal/repositories/receipts.go:559.56,561.3 1 0
receipt-wrangler/api/internal/repositories/receipts.go:563.2,563.50 1 0
receipt-wrangler/api/internal/repositories/receipts.go:563.50,564.44 1 0
receipt-wrangler/api/internal/repositories/receipts.go:564.44,566.4 1 0
receipt-wrangler/api/internal/repositories/receipts.go:570.2,571.16 2 0
receipt-wrangler/api/internal/repositories/receipts.go:571.16,573.3 1 0
receipt-wrangler/api/internal/repositories/receipts.go:575.2,575.29 1 0
receipt-wrangler/api/internal/repositories/receipts.go:578.126,581.43 2 0
receipt-wrangler/api/internal/repositories/receipts.go:581.43,583.20 2 0
receipt-wrangler/api/internal/repositories/receipts.go:583.20,585.4 1 0
receipt-wrangler/api/internal/repositories/receipts.go:589.2,589.43 1 0
receipt-wrangler/api/internal/repositories/receipts.go:589.43,592.25 3 0
receipt-wrangler/api/internal/repositories/receipts.go:592.25,594.4 1 0
receipt-wrangler/api/internal/repositories/receipts.go:594.9,596.4 1 0
receipt-wrangler/api/internal/repositories/receipts.go:598.3,598.115 1 0
receipt-wrangler/api/internal/repositories/receipts.go:602.2,602.45 1 0
receipt-wrangler/api/internal/repositories/receipts.go:602.45,604.22 2 0
receipt-wrangler/api/internal/repositories/receipts.go:604.22,606.4 1 0
receipt-wrangler/api/internal/repositories/receipts.go:610.2,610.49 1 0
receipt-wrangler/api/internal/repositories/receipts.go:610.49,612.26 2 0
receipt-wrangler/api/internal/repositories/receipts.go:612.26,613.69 1 0
receipt-wrangler/api/internal/repositories/receipts.go:613.69,615.5 1 0
receipt-wrangler/api/internal/repositories/receipts.go:621.2,621.43 1 0
receipt-wrangler/api/internal/repositories/receipts.go:621.43,623.20 2 0
receipt-wrangler/api/internal/repositories/receipts.go:623.20,624.63 1 0
receipt-wrangler/api/internal/repositories/receipts.go:624.63,626.5 1 0
receipt-wrangler/api/internal/repositories/receipts.go:631.2,631.45 1 0
receipt-wrangler/api/internal/repositories/receipts.go:631.45,633.63 2 0
receipt-wrangler/api/internal/repositories/receipts.go:633.63,635.4 1 0
receipt-wrangler/api/internal/repositories/receipts.go:635.9,637.4 1 0
receipt-wrangler/api/internal/repositories/receipts.go:638.3,643.4 1 0
receipt-wrangler/api/internal/repositories/receipts.go:647.2,647.45 1 0
receipt-wrangler/api/internal/repositories/receipts.go:647.45,649.22 2 0
receipt-wrangler/api/internal/repositories/receipts.go:649.22,651.4 1 0
receipt-wrangler/api/internal/repositories/receipts.go:655.2,655.51 1 0
receipt-wrangler/api/internal/repositories/receipts.go:655.51,658.25 3 0
receipt-wrangler/api/internal/repositories/receipts.go:658.25,660.4 1 0
receipt-wrangler/api/internal/repositories/receipts.go:660.9,662.4 1 0
receipt-wrangler/api/internal/repositories/receipts.go:664.3,670.4 1 0
receipt-wrangler/api/internal/repositories/receipts.go:674.2,674.48 1 0
receipt-wrangler/api/internal/repositories/receipts.go:674.48,677.25 3 0
receipt-wrangler/api/internal/repositories/receipts.go:677.25,679.4 1 0
receipt-wrangler/api/internal/repositories/receipts.go:679.9,681.4 1 0
receipt-wrangler/api/internal/repositories/receipts.go:683.3,689.4 1 0
receipt-wrangler/api/internal/repositories/receipts.go:692.2,692.19 1 0
receipt-wrangler/api/internal/repositories/receipts.go:695.173,696.46 1 0
receipt-wrangler/api/internal/repositories/receipts.go:696.46,698.3 1 0
receipt-wrangler/api/internal/repositories/receipts.go:700.2,700.48 1 0
receipt-wrangler/api/internal/repositories/receipts.go:700.48,704.3 3 0
receipt-wrangler/api/internal/repositories/receipts.go:706.2,706.47 1 0
receipt-wrangler/api/internal/repositories/receipts.go:706.47,708.3 1 0
receipt-wrangler/api/internal/repositories/receipts.go:710.2,710.52 1 0
receipt-wrangler/api/internal/repositories/receipts.go:710.52,712.3 1 0
receipt-wrangler/api/internal/repositories/receipts.go:714.2,714.49 1 0
receipt-wrangler/api/internal/repositories/receipts.go:714.49,716.3 1 0
receipt-wrangler/api/internal/repositories/receipts.go:718.2,718.35 1 0
receipt-wrangler/api/internal/repositories/receipts.go:718.35,720.27 2 0
receipt-wrangler/api/internal/repositories/receipts.go:720.27,722.4 1 0
receipt-wrangler/api/internal/repositories/receipts.go:724.3,724.116 1 0
receipt-wrangler/api/internal/repositories/receipts.go:727.2,727.48 1 0
receipt-wrangler/api/internal/repositories/receipts.go:727.48,733.3 4 0
receipt-wrangler/api/internal/repositories/receipts.go:735.2,735.21 1 0
receipt-wrangler/api/internal/repositories/receipts.go:738.107,746.2 5 0
receipt-wrangler/api/internal/repositories/receipts.go:748.91,753.16 4 0
receipt-wrangler/api/internal/repositories/receipts.go:753.16,755.3 1 0
receipt-wrangler/api/internal/repositories/receipts.go:757.2,757.29 1 0
receipt-wrangler/api/internal/repositories/receipts.go:760.96,761.36 1 0
receipt-wrangler/api/internal/repositories/receipts.go:761.36,763.3 1 0
receipt-wrangler/api/internal/repositories/receipts.go:766.2,767.44 2 0
receipt-wrangler/api/internal/repositories/receipts.go:767.44,768.47 1 0
receipt-wrangler/api/internal/repositories/receipts.go:768.47,770.4 1 0
receipt-wrangler/api/internal/repositories/receipts.go:774.2,775.44 2 0
receipt-wrangler/api/internal/repositories/receipts.go:775.44,776.30 1 0
receipt-wrangler/api/internal/repositories/receipts.go:776.30,778.4 1 0
receipt-wrangler/api/internal/repositories/receipts.go:781.2,781.38 1 0
receipt-wrangler/api/internal/repositories/receipts.go:784.98,798.16 4 0
receipt-wrangler/api/internal/repositories/receipts.go:798.16,800.3 1 0
receipt-wrangler/api/internal/repositories/receipts.go:802.2,804.21 2 0
receipt-wrangler/api/internal/repositories/receipts.go:807.145,812.27 4 0
receipt-wrangler/api/internal/repositories/receipts.go:812.27,814.3 1 0
receipt-wrangler/api/internal/repositories/receipts.go:816.2,817.16 2 0
receipt-wrangler/api/internal/repositories/receipts.go:817.16,819.3 1 0
receipt-wrangler/api/internal/repositories/receipts.go:821.2,821.22 1 0
receipt-wrangler/api/internal/repositories/receipts.go:824.117,828.25 3 0
receipt-wrangler/api/internal/repositories/receipts.go:828.25,829.44 1 0
receipt-wrangler/api/internal/repositories/receipts.go:829.44,831.49 2 0
receipt-wrangler/api/internal/repositories/receipts.go:831.49,833.5 1 0
receipt-wrangler/api/internal/repositories/receipts.go:837.2,839.16 3 0
receipt-wrangler/api/internal/repositories/receipts.go:839.16,841.3 1 0
receipt-wrangler/api/internal/repositories/receipts.go:844.2,844.20 1 0
receipt-wrangler/api/internal/repositories/receipts.go:844.20,845.27 1 0
receipt-wrangler/api/internal/repositories/receipts.go:845.27,847.4 1 0
receipt-wrangler/api/internal/repositories/receipts.go:850.2,850.22 1 0
receipt-wrangler/api/internal/repositories/redis.go:10.37,12.2 1 0
receipt-wrangler/api/internal/repositories/redis.go:14.29,16.16 2 0
receipt-wrangler/api/internal/repositories/redis.go:16.16,18.3 1 0
receipt-wrangler/api/internal/repositories/redis.go:20.2,22.16 3 0
receipt-wrangler/api/internal/repositories/redis.go:22.16,24.3 1 0
receipt-wrangler/api/internal/repositories/redis.go:26.2,26.12 1 0
receipt-wrangler/api/internal/repositories/redis.go:29.34,31.2 1 0
receipt-wrangler/api/internal/repositories/system_emails.go:19.66,25.2 2 0
receipt-wrangler/api/internal/repositories/system_emails.go:27.130,31.37 4 0
receipt-wrangler/api/internal/repositories/system_emails.go:31.37,33.3 1 0
receipt-wrangler/api/internal/repositories/system_emails.go:34.2,38.16 4 0
receipt-wrangler/api/internal/repositories/system_emails.go:38.16,40.3 1 0
receipt-wrangler/api/internal/repositories/system_emails.go:42.2,42.26 1 0
receipt-wrangler/api/internal/repositories/system_emails.go:45.99,50.16 4 0
receipt-wrangler/api/internal/repositories/system_emails.go:50.16,52.3 1 0
receipt-wrangler/api/internal/repositories/system_emails.go:54.2,54.25 1 0
receipt-wrangler/api/internal/repositories/system_emails.go:57.127,61.16 3 0
receipt-wrangler/api/internal/repositories/system_emails.go:61.16,63.3 1 0
receipt-wrangler/api/internal/repositories/system_emails.go:65.2,74.16 3 0
receipt-wrangler/api/internal/repositories/system_emails.go:74.16,76.3 1 0
receipt-wrangler/api/internal/repositories/system_emails.go:78.2,78.25 1 0
receipt-wrangler/api/internal/repositories/system_emails.go:81.162,85.16 3 0
receipt-wrangler/api/internal/repositories/system_emails.go:85.16,87.3 1 0
receipt-wrangler/api/internal/repositories/system_emails.go:89.2,99.20 4 0
receipt-wrangler/api/internal/repositories/system_emails.go:99.20,101.17 2 0
receipt-wrangler/api/internal/repositories/system_emails.go:101.17,103.4 1 0
receipt-wrangler/api/internal/repositories/system_emails.go:105.3,105.49 1 0
receipt-wrangler/api/internal/repositories/system_emails.go:106.8,108.3 1 0
receipt-wrangler/api/internal/repositories/system_emails.go:110.2,111.16 2 0
receipt-wrangler/api/internal/repositories/system_emails.go:111.16,113.3 1 0
receipt-wrangler/api/internal/repositories/system_emails.go:115.2,115.33 1 0
receipt-wrangler/api/internal/repositories/system_emails.go:118.76,121.50 2 0
receipt-wrangler/api/internal/repositories/system_emails.go:121.50,126.17 4 0
receipt-wrangler/api/internal/repositories/system_emails.go:126.17,128.4 1 0
receipt-wrangler/api/internal/repositories/system_emails.go:130.3,131.17 2 0
receipt-wrangler/api/internal/repositories/system_emails.go:131.17,133.4 1 0
receipt-wrangler/api/internal/repositories/system_emails.go:135.3,136.13 2 0
receipt-wrangler/api/internal/repositories/system_emails.go:139.2,139.18 1 0
receipt-wrangler/api/internal/repositories/system_emails.go:139.18,141.3 1 0
receipt-wrangler/api/internal/repositories/system_emails.go:143.2,143.12 1 0
receipt-wrangler/api/internal/repositories/system_emails.go:146.44,148.35 2 0
receipt-wrangler/api/internal/repositories/system_emails.go:148.35,149.25 1 0
receipt-wrangler/api/internal/repositories/system_emails.go:149.25,151.4 1 0
receipt-wrangler/api/internal/repositories/system_emails.go:154.2,154.14 1 0
receipt-wrangler/api/internal/repositories/system_settings.go:16.72,22.2 2 0
receipt-wrangler/api/internal/repositories/system_settings.go:24.95,30.16 5 0
receipt-wrangler/api/internal/repositories/system_settings.go:30.16,32.3 1 0
receipt-wrangler/api/internal/repositories/system_settings.go:34.2,34.16 1 0
receipt-wrangler/api/internal/repositories/system_settings.go:34.16,40.17 2 0
receipt-wrangler/api/internal/repositories/system_settings.go:40.17,42.4 1 0
receipt-wrangler/api/internal/repositories/system_settings.go:45.2,46.16 2 0
receipt-wrangler/api/internal/repositories/system_settings.go:46.16,48.3 1 0
receipt-wrangler/api/internal/repositories/system_settings.go:51.2,51.28 1 0
receipt-wrangler/api/internal/repositories/system_settings.go:51.28,53.17 2 0
receipt-wrangler/api/internal/repositories/system_settings.go:53.17,55.4 1 0
receipt-wrangler/api/internal/repositories/system_settings.go:58.2,58.54 1 0
receipt-wrangler/api/internal/repositories/system_settings.go:58.54,60.3 1 0
receipt-wrangler/api/internal/repositories/system_settings.go:62.2,62.28 1 0
receipt-wrangler/api/internal/repositories/system_settings.go:65.130,67.16 2 0
receipt-wrangler/api/internal/repositories/system_settings.go:67.16,69.3 1 0
receipt-wrangler/api/internal/repositories/system_settings.go:71.2,71.54 1 0
receipt-wrangler/api/internal/repositories/system_settings.go:71.54,73.3 1 0
receipt-wrangler/api/internal/repositories/system_settings.go:75.2,78.8 1 0
receipt-wrangler/api/internal/repositories/system_settings.go:81.142,85.16 3 0
receipt-wrangler/api/internal/repositories/system_settings.go:85.16,87.3 1 0
receipt-wrangler/api/internal/repositories/system_settings.go:89.2,90.16 2 0
receipt-wrangler/api/internal/repositories/system_settings.go:90.16,92.3 1 0
receipt-wrangler/api/internal/repositories/system_settings.go:94.2,94.47 1 0
receipt-wrangler/api/internal/repositories/system_settings.go:94.47,96.19 2 0
receipt-wrangler/api/internal/repositories/system_settings.go:96.19,98.4 1 0
receipt-wrangler/api/internal/repositories/system_settings.go:100.3,102.19 3 0
receipt-wrangler/api/internal/repositories/system_settings.go:102.19,104.4 1 0
receipt-wrangler/api/internal/repositories/system_settings.go:106.3,106.23 1 0
receipt-wrangler/api/internal/repositories/system_settings.go:106.23,111.20 2 0
receipt-wrangler/api/internal/repositories/system_settings.go:111.20,113.5 1 0
receipt-wrangler/api/internal/repositories/system_settings.go:114.9,115.67 1 0
receipt-wrangler/api/internal/repositories/system_settings.go:115.67,120.21 2 0
receipt-wrangler/api/internal/repositories/system_settings.go:120.21,122.6 1 0
receipt-wrangler/api/internal/repositories/system_settings.go:126.3,126.13 1 0
receipt-wrangler/api/internal/repositories/system_settings.go:129.2,129.16 1 0
receipt-wrangler/api/internal/repositories/system_settings.go:129.16,131.3 1 0
receipt-wrangler/api/internal/repositories/system_settings.go:133.2,133.29 1 0
receipt-wrangler/api/internal/repositories/system_task.go:16.64,22.2 2 0
receipt-wrangler/api/internal/repositories/system_task.go:24.135,29.41 4 0
receipt-wrangler/api/internal/repositories/system_task.go:29.41,31.3 1 0
receipt-wrangler/api/internal/repositories/system_task.go:33.2,41.37 3 0
receipt-wrangler/api/internal/repositories/system_task.go:41.37,43.3 1 0
receipt-wrangler/api/internal/repositories/system_task.go:45.2,45.43 1 0
receipt-wrangler/api/internal/repositories/system_task.go:45.43,47.3 1 0
receipt-wrangler/api/internal/repositories/system_task.go:49.2,55.24 5 0
receipt-wrangler/api/internal/repositories/system_task.go:55.24,57.3 1 0
receipt-wrangler/api/internal/repositories/system_task.go:59.2,59.28 1 0
receipt-wrangler/api/internal/repositories/system_task.go:66.3,71.41 4 0
receipt-wrangler/api/internal/repositories/system_task.go:71.41,73.3 1 0
receipt-wrangler/api/internal/repositories/system_task.go:75.2,95.28 7 0
receipt-wrangler/api/internal/repositories/system_task.go:98.48,100.2 1 0
receipt-wrangler/api/internal/repositories/system_task.go:102.126,121.16 4 0
receipt-wrangler/api/internal/repositories/system_task.go:121.16,123.3 1 0
receipt-wrangler/api/internal/repositories/system_task.go:125.2,125.93 1 0
receipt-wrangler/api/internal/repositories/system_task.go:125.93,129.62 3 0
receipt-wrangler/api/internal/repositories/system_task.go:129.62,131.4 1 0
receipt-wrangler/api/internal/repositories/system_task.go:135.2,135.24 1 0
receipt-wrangler/api/internal/repositories/system_task.go:141.9,144.16 3 0
receipt-wrangler/api/internal/repositories/system_task.go:144.16,146.3 1 0
receipt-wrangler/api/internal/repositories/system_task.go:148.2,148.12 1 0
receipt-wrangler/api/internal/repositories/system_task.go:151.94,156.16 4 0
receipt-wrangler/api/internal/repositories/system_task.go:156.16,158.3 1 0
receipt-wrangler/api/internal/repositories/system_task.go:160.2,160.24 1 0
receipt-wrangler/api/internal/repositories/system_task.go:163.110,166.2 2 0
receipt-wrangler/api/internal/repositories/tags.go:15.52,21.2 2 0
receipt-wrangler/api/internal/repositories/tags.go:23.87,28.16 4 0
receipt-wrangler/api/internal/repositories/tags.go:28.16,30.3 1 0
receipt-wrangler/api/internal/repositories/tags.go:32.2,32.18 1 0
receipt-wrangler/api/internal/repositories/tags.go:35.99,43.16 6 0
receipt-wrangler/api/internal/repositories/tags.go:43.16,45.3 1 0
receipt-wrangler/api/internal/repositories/tags.go:47.2,47.17 1 0
receipt-wrangler/api/internal/repositories/tags.go:50.126,55.55 4 0
receipt-wrangler/api/internal/repositories/tags.go:55.55,57.3 1 0
receipt-wrangler/api/internal/repositories/tags.go:59.2,68.16 6 0
receipt-wrangler/api/internal/repositories/tags.go:68.16,70.3 1 0
receipt-wrangler/api/internal/repositories/tags.go:72.2,72.18 1 0
receipt-wrangler/api/internal/repositories/tags.go:75.113,80.16 4 0
receipt-wrangler/api/internal/repositories/tags.go:80.16,82.3 1 0
receipt-wrangler/api/internal/repositories/tags.go:84.2,85.16 2 0
receipt-wrangler/api/internal/repositories/tags.go:85.16,87.3 1 0
receipt-wrangler/api/internal/repositories/tags.go:89.2,89.24 1 0
receipt-wrangler/api/internal/repositories/tags.go:92.62,95.48 2 0
receipt-wrangler/api/internal/repositories/tags.go:95.48,97.17 2 0
receipt-wrangler/api/internal/repositories/tags.go:97.17,99.4 1 0
receipt-wrangler/api/internal/repositories/tags.go:101.3,102.17 2 0
receipt-wrangler/api/internal/repositories/tags.go:102.17,104.4 1 0
receipt-wrangler/api/internal/repositories/tags.go:106.3,106.13 1 0
receipt-wrangler/api/internal/repositories/tags.go:108.2,108.16 1 0
receipt-wrangler/api/internal/repositories/tags.go:108.16,110.3 1 0
receipt-wrangler/api/internal/repositories/tags.go:112.2,112.12 1 0
receipt-wrangler/api/internal/repositories/testing.go:13.21,17.2 3 1
receipt-wrangler/api/internal/repositories/testing.go:19.57,22.16 3 0
receipt-wrangler/api/internal/repositories/testing.go:22.16,24.3 1 0
receipt-wrangler/api/internal/repositories/testing.go:26.2,27.37 2 0
receipt-wrangler/api/internal/repositories/testing.go:30.21,33.2 2 0
receipt-wrangler/api/internal/repositories/testing.go:35.23,44.2 3 0
receipt-wrangler/api/internal/repositories/testing.go:46.24,53.2 3 0
receipt-wrangler/api/internal/repositories/testing.go:55.33,118.2 21 0
receipt-wrangler/api/internal/repositories/testing.go:120.29,137.2 7 0
receipt-wrangler/api/internal/repositories/testing.go:139.23,153.31 6 8
receipt-wrangler/api/internal/repositories/testing.go:153.31,156.3 2 280
receipt-wrangler/api/internal/repositories/testing.go:159.2,162.37 2 8
receipt-wrangler/api/internal/repositories/testing.go:165.21,167.2 1 0
receipt-wrangler/api/internal/repositories/user_preferences.go:14.73,20.2 2 0
receipt-wrangler/api/internal/repositories/user_preferences.go:22.115,32.16 4 0
receipt-wrangler/api/internal/repositories/user_preferences.go:32.16,34.3 1 0
receipt-wrangler/api/internal/repositories/user_preferences.go:36.2,36.29 1 0
receipt-wrangler/api/internal/repositories/user_preferences.go:36.29,42.17 3 0
receipt-wrangler/api/internal/repositories/user_preferences.go:42.17,44.4 1 0
receipt-wrangler/api/internal/repositories/user_preferences.go:47.2,47.29 1 0
receipt-wrangler/api/internal/repositories/user_preferences.go:50.136,54.16 3 0
receipt-wrangler/api/internal/repositories/user_preferences.go:54.16,56.3 1 0
receipt-wrangler/api/internal/repositories/user_preferences.go:58.2,58.70 1 0
receipt-wrangler/api/internal/repositories/user_preferences.go:61.149,66.16 4 0
receipt-wrangler/api/internal/repositories/user_preferences.go:66.16,68.3 1 0
receipt-wrangler/api/internal/repositories/user_preferences.go:70.2,76.47 6 0
receipt-wrangler/api/internal/repositories/user_preferences.go:76.47,81.17 2 0
receipt-wrangler/api/internal/repositories/user_preferences.go:81.17,83.4 1 0
receipt-wrangler/api/internal/repositories/user_preferences.go:85.3,89.17 2 0
receipt-wrangler/api/internal/repositories/user_preferences.go:89.17,91.4 1 0
receipt-wrangler/api/internal/repositories/user_preferences.go:93.3,93.13 1 0
receipt-wrangler/api/internal/repositories/user_preferences.go:96.2,96.16 1 0
receipt-wrangler/api/internal/repositories/user_preferences.go:96.16,98.3 1 0
receipt-wrangler/api/internal/repositories/user_preferences.go:100.2,100.37 1 0
receipt-wrangler/api/internal/repositories/user_preferences.go:103.85,112.16 4 0
receipt-wrangler/api/internal/repositories/user_preferences.go:112.16,114.3 1 0
receipt-wrangler/api/internal/repositories/user_preferences.go:116.2,116.47 1 0
receipt-wrangler/api/internal/repositories/user_preferences.go:116.47,121.19 2 0
receipt-wrangler/api/internal/repositories/user_preferences.go:121.19,123.4 1 0
receipt-wrangler/api/internal/repositories/user_preferences.go:125.3,129.19 2 0
receipt-wrangler/api/internal/repositories/user_preferences.go:129.19,131.4 1 0
receipt-wrangler/api/internal/repositories/user_preferences.go:133.3,133.13 1 0
receipt-wrangler/api/internal/repositories/user_preferences.go:135.2,135.16 1 0
receipt-wrangler/api/internal/repositories/user_preferences.go:135.16,137.3 1 0
receipt-wrangler/api/internal/repositories/user_preferences.go:139.2,139.12 1 0
receipt-wrangler/api/internal/repositories/users.go:17.52,23.2 2 0
receipt-wrangler/api/internal/repositories/users.go:25.99,37.16 4 0
receipt-wrangler/api/internal/repositories/users.go:37.16,39.3 1 0
receipt-wrangler/api/internal/repositories/users.go:40.2,42.47 2 0
receipt-wrangler/api/internal/repositories/users.go:42.47,49.25 5 0
receipt-wrangler/api/internal/repositories/users.go:49.25,52.19 3 0
receipt-wrangler/api/internal/repositories/users.go:52.19,54.5 1 0
receipt-wrangler/api/internal/repositories/users.go:54.10,56.5 1 0
receipt-wrangler/api/internal/repositories/users.go:59.3,61.17 2 0
receipt-wrangler/api/internal/repositories/users.go:61.17,64.4 2 0
receipt-wrangler/api/internal/repositories/users.go:66.3,72.17 3 0
receipt-wrangler/api/internal/repositories/users.go:72.17,75.4 2 0
receipt-wrangler/api/internal/repositories/users.go:77.3,78.17 2 0
receipt-wrangler/api/internal/repositories/users.go:78.17,81.4 2 0
receipt-wrangler/api/internal/repositories/users.go:83.3,85.17 3 0
receipt-wrangler/api/internal/repositories/users.go:85.17,87.4 1 0
receipt-wrangler/api/internal/repositories/users.go:89.3,91.13 3 0
receipt-wrangler/api/internal/repositories/users.go:93.2,93.16 1 0
receipt-wrangler/api/internal/repositories/users.go:93.16,95.3 1 0
receipt-wrangler/api/internal/repositories/users.go:97.2,97.18 1 0
receipt-wrangler/api/internal/repositories/users.go:100.64,105.16 4 0
receipt-wrangler/api/internal/repositories/users.go:105.16,107.3 1 0
receipt-wrangler/api/internal/repositories/users.go:109.2,109.20 1 0
receipt-wrangler/api/internal/repositories/users.go:109.20,111.17 2 0
receipt-wrangler/api/internal/repositories/users.go:111.17,113.4 1 0
receipt-wrangler/api/internal/repositories/users.go:116.2,116.12 1 0
receipt-wrangler/api/internal/repositories/users.go:119.80,123.16 3 0
receipt-wrangler/api/internal/repositories/users.go:123.16,125.3 1 0
receipt-wrangler/api/internal/repositories/users.go:127.2,127.19 1 0
receipt-wrangler/api/internal/repositories/users.go:130.90,134.16 3 0
receipt-wrangler/api/internal/repositories/users.go:134.16,136.3 1 0
receipt-wrangler/api/internal/repositories/users.go:138.2,138.17 1 0
receipt-wrangler/api/internal/repositories/users.go:141.70,153.16 3 0
receipt-wrangler/api/internal/repositories/users.go:153.16,155.3 1 0
receipt-wrangler/api/internal/repositories/users.go:157.2,157.31 1 0
